<?xml version="1.0" encoding="UTF-8"?>
<!-- Generated by org.testng.reporters.JUnitReportReporter -->
<testsuite hostname="ATLBLRLP-61" name="com.leaprural.Reports.PurchaseRegisterGSTTest" tests="1" failures="0" timestamp="11 Nov 2022 06:34:02 GMT" time="10.419" errors="0">
  <testcase name="verifyPurchaseRegisterGSTMenu" time="10.419" classname="com.leaprural.Reports.PurchaseRegisterGSTTest"/>
</testsuite> <!-- com.leaprural.Reports.PurchaseRegisterGSTTest -->
