<?xml version="1.0" encoding="UTF-8"?>
<!-- Generated by org.testng.reporters.JUnitReportReporter -->
<testsuite hostname="ATLBLRLP-61" name="com.leaprural.purchaseordertests.VerifyOrderStatusValues" tests="1" failures="0" timestamp="11 Nov 2022 06:24:00 GMT" time="13.269" errors="0">
  <testcase name="verifyOderStatusFieldValues" time="13.269" classname="com.leaprural.purchaseordertests.VerifyOrderStatusValues"/>
</testsuite> <!-- com.leaprural.purchaseordertests.VerifyOrderStatusValues -->
