<?xml version="1.0" encoding="UTF-8"?>
<!-- Generated by org.testng.reporters.JUnitReportReporter -->
<testsuite hostname="ATLBLRLP-61" name="com.leaprural.stocktests.SubDStockTransfer" tests="1" failures="0" timestamp="29 Jul 2022 07:15:21 GMT" time="108.386" errors="0">
  <testcase name="StockTransferApprovedBySalesOfficer" time="108.386" classname="com.leaprural.stocktests.SubDStockTransfer"/>
</testsuite> <!-- com.leaprural.stocktests.SubDStockTransfer -->
