<?xml version="1.0" encoding="UTF-8"?>
<!-- Generated by org.testng.reporters.JUnitReportReporter -->
<testsuite hostname="ATLBLRLP-61" name="com.leaprural.claimstest.ClaimsValidationTest" tests="2" failures="0" timestamp="11 Nov 2022 06:12:11 GMT" time="32.180" errors="0">
  <testcase name="claimspageexceldatavalidations" time="22.157" classname="com.leaprural.claimstest.ClaimsValidationTest"/>
  <testcase name="claimspagevalidations" time="10.023" classname="com.leaprural.claimstest.ClaimsValidationTest"/>
</testsuite> <!-- com.leaprural.claimstest.ClaimsValidationTest -->
