<?xml version="1.0" encoding="UTF-8"?>
<!-- Generated by org.testng.reporters.JUnitReportReporter -->
<testsuite hostname="ATLBLRLP-61" name="com.leaprural.Reports.SalesReturnSummaryTest" tests="1" failures="0" timestamp="11 Nov 2022 06:37:40 GMT" time="21.699" errors="0">
  <testcase name="verifySalesReturnSummaryMenu" time="21.699" classname="com.leaprural.Reports.SalesReturnSummaryTest"/>
</testsuite> <!-- com.leaprural.Reports.SalesReturnSummaryTest -->
