<?xml version="1.0" encoding="UTF-8"?>
<!-- Generated by org.testng.reporters.JUnitReportReporter -->
<testsuite hostname="ATLBLRLP-61" name="com.leaprural.purchaseordertests.PurchaseOrderExceluploadTest" tests="4" failures="0" timestamp="11 Nov 2022 06:24:00 GMT" time="212.627" errors="0">
  <testcase name="DeleteProductsInPrimaryOrderExcelUpload" time="34.106" classname="com.leaprural.purchaseordertests.PurchaseOrderExceluploadTest"/>
  <testcase name="PrimaryOrderExcelUpload" time="87.783" classname="com.leaprural.purchaseordertests.PurchaseOrderExceluploadTest"/>
  <testcase name="PrimaryOrderExcelDownloadAndValidateFields" time="23.090" classname="com.leaprural.purchaseordertests.PurchaseOrderExceluploadTest"/>
  <testcase name="ValidateGSTInfolink" time="67.648" classname="com.leaprural.purchaseordertests.PurchaseOrderExceluploadTest"/>
</testsuite> <!-- com.leaprural.purchaseordertests.PurchaseOrderExceluploadTest -->
