<?xml version="1.0" encoding="UTF-8"?>
<!-- Generated by org.testng.reporters.JUnitReportReporter -->
<testsuite hostname="ATLBLRLP-61" name="com.leaprural.homepagedashboardtests.ValidateDashboardTest" tests="1" failures="0" timestamp="11 Nov 2022 06:16:46 GMT" time="79.989" errors="0">
  <testcase name="dashboardFieldValid" time="79.989" classname="com.leaprural.homepagedashboardtests.ValidateDashboardTest"/>
</testsuite> <!-- com.leaprural.homepagedashboardtests.ValidateDashboardTest -->
