<?xml version="1.0" encoding="UTF-8"?>
<!-- Generated by org.testng.reporters.JUnitReportReporter -->
<testsuite hostname="ATLBLRLP-61" name="com.leaprural.PrimaryReturnsTest.ValidatePrimaryReturnsTest" tests="1" failures="0" timestamp="11 Nov 2022 06:19:19 GMT" time="111.229" errors="0">
  <testcase name="CreatePrimaryReturnAndApproveBySS" time="111.229" classname="com.leaprural.PrimaryReturnsTest.ValidatePrimaryReturnsTest"/>
</testsuite> <!-- com.leaprural.PrimaryReturnsTest.ValidatePrimaryReturnsTest -->
