<?xml version="1.0" encoding="UTF-8"?>
<!-- Generated by org.testng.reporters.JUnitReportReporter -->
<testsuite hostname="ATLBLRLP-61" name="com.leaprural.Reports.DetailedSalesRegisterGSTTest" tests="1" failures="0" timestamp="11 Nov 2022 06:34:02 GMT" time="34.737" errors="0">
  <testcase name="verifyDetailedSalesRegisterGST" time="34.737" classname="com.leaprural.Reports.DetailedSalesRegisterGSTTest"/>
</testsuite> <!-- com.leaprural.Reports.DetailedSalesRegisterGSTTest -->
