<?xml version="1.0" encoding="UTF-8"?>
<!-- Generated by org.testng.reporters.JUnitReportReporter -->
<testsuite hostname="ATLBLRLP-61" name="com.leaprural.Reports.RetailerReportTest" tests="1" failures="0" timestamp="11 Nov 2022 06:34:02 GMT" time="12.321" errors="0">
  <testcase name="verifyRetailerReportMenu" time="12.321" classname="com.leaprural.Reports.RetailerReportTest"/>
</testsuite> <!-- com.leaprural.Reports.RetailerReportTest -->
