<?xml version="1.0" encoding="UTF-8"?>
<!-- Generated by org.testng.reporters.JUnitReportReporter -->
<testsuite hostname="ATLBLRLP-61" name="com.leaprural.Reports.RetailerApprovalTest" tests="1" failures="0" timestamp="11 Nov 2022 08:49:11 GMT" time="9.658" errors="0">
  <testcase name="verifyRetailerApprovalMenu" time="9.658" classname="com.leaprural.Reports.RetailerApprovalTest"/>
</testsuite> <!-- com.leaprural.Reports.RetailerApprovalTest -->
