<?xml version="1.0" encoding="UTF-8"?>
<!-- Generated by org.testng.reporters.JUnitReportReporter -->
<testsuite hostname="ATLBLRLP-61" name="com.leaprural.Reports.ClaimWorkingSheetTest" tests="1" failures="0" timestamp="11 Nov 2022 06:34:02 GMT" time="27.958" errors="0">
  <testcase name="verifyClaimWorkingSheet" time="27.958" classname="com.leaprural.Reports.ClaimWorkingSheetTest"/>
</testsuite> <!-- com.leaprural.Reports.ClaimWorkingSheetTest -->
