<?xml version="1.0" encoding="UTF-8"?>
<!-- Generated by org.testng.reporters.JUnitReportReporter -->
<testsuite hostname="ATLBLRLP-61" name="com.leaprural.Reports.SummarySalesRegisterGSTTest" tests="1" failures="0" timestamp="11 Nov 2022 06:34:02 GMT" time="20.441" errors="0">
  <testcase name="verifySalesRegisterGSTMenu" time="20.441" classname="com.leaprural.Reports.SummarySalesRegisterGSTTest"/>
</testsuite> <!-- com.leaprural.Reports.SummarySalesRegisterGSTTest -->
